Arguments: 
  C:\Program Files\nodejs\node.exe C:\Program Files (x86)\Yarn\bin\yarn.js add react-router-dom

PATH: 
  C:\Program Files (x86)\Intel\Intel(R) Management Engine Components\iCLS\;C:\Program Files\Intel\Intel(R) Management Engine Components\iCLS\;C:\Rtools\bin;C:\Python27\;C:\Python27\Scripts;C:\ProgramData\Boxstarter;C:\Windows\system32;C:\Windows;C:\Windows\System32\Wbem;C:\Windows\System32\WindowsPowerShell\v1.0\;C:\Windows\System32\OpenSSH\;C:\Program Files\dotnet\;C:\Program Files\Microsoft SQL Server\130\Tools\Binn\;C:\Program Files\TortoiseGit\bin;C:\Program Files\Microsoft VS Code\bin;C:\Program Files (x86)\WinMerge;C:\Program Files (x86)\Microsoft SQL Server\Client SDK\ODBC\130\Tools\Binn\;C:\Program Files (x86)\Microsoft SQL Server\140\Tools\Binn\;C:\Program Files (x86)\Microsoft SQL Server\140\DTS\Binn\;C:\Program Files (x86)\Microsoft SQL Server\140\Tools\Binn\ManagementStudio\;C:\Program Files\TortoiseSVN\bin;C:\ProgramData\chocolatey\bin;C:\Program Files\Java\jdk\bin;C:\android-sdk\tools;C:\android-sdk\platform-tools;C:\android-sdk\tools\bin;C:\Program Files\Git\cmd;C:\Program Files (x86)\Intel\Intel(R) Management Engine Components\DAL;C:\Program Files\Intel\Intel(R) Management Engine Components\DAL;C:\Program Files (x86)\Intel\Intel(R) Management Engine Components\IPT;C:\Program Files\Intel\Intel(R) Management Engine Components\IPT;C:\Gradle\gradle-5.6.2\bin;C:\Program Files\Microsoft SQL Server\Client SDK\ODBC\170\Tools\Binn\;C:\Program Files (x86)\Yarn\bin\;C:\Program Files\nodejs\;C:\Program Files\Java\jdk1.8.0_211\bin;C:\Program Files (x86)\Microsoft SQL Server\150\DTS\Binn\;C:\Program Files\Microsoft SQL Server\Client SDK\ODBC\110\Tools\Binn\;C:\Program Files (x86)\Microsoft SQL Server\120\Tools\Binn\;C:\Program Files\Microsoft SQL Server\120\Tools\Binn\;C:\Program Files\Microsoft SQL Server\120\DTS\Binn\;C:\Program Files\Docker\Docker\resources\bin;C:\ProgramData\DockerDesktop\version-bin;C:\Ruby27-x64\bin;C:\Users\Everybody\AppData\Local\Microsoft\WindowsApps;C:\Users\Everybody\AppData\Local\Yarn\bin;C:\Users\Everybody\AppData\Roaming\npm

Yarn version: 
  1.22.0

Node version: 
  13.10.1

Platform: 
  win32 x64

Trace: 
  Error: EPERM: operation not permitted, unlink 'D:\Cursos\ReactJS, Hooks, TDD, Clean Architecture, SOLID e Patterns\Project Course\clean-react\node_modules\node-sass\vendor\win32-x64-79\binding.node'

npm manifest: 
  {
    "name": "clean-react",
    "author": "Isaque igor",
    "description": "NodeJs Rest API using TDD, Clean Architecture and Typescript",
    "version": "1.0.0",
    "main": "index.js",
    "scripts": {
      "start": "webpack-dev-server --open",
      "test": "jest --passWithNoTests --no-cache --runInBand",
      "test:watch": "npm test -- --watch",
      "test:staged": "npm test -- --findRelatedTests",
      "test:ci": "npm test -- --coverage"
    },
    "keywords": [],
    "license": "ISC",
    "devDependencies": {
      "@types/axios": "^0.14.0",
      "@types/faker": "^4.1.11",
      "@types/jest": "^25.2.1",
      "@types/node": "^13.13.5",
      "@types/react": "^16.9.35",
      "@types/react-dom": "^16.9.8",
      "@typescript-eslint/eslint-plugin": "^2.31.0",
      "clean-webpack-plugin": "^3.0.0",
      "css-loader": "^3.5.3",
      "eslint": "^6.8.0",
      "eslint-config-airbnb": "^18.2.0",
      "eslint-config-standard-with-typescript": "^11.0.1",
      "eslint-plugin-import": "2.21.2",
      "eslint-plugin-jsx-a11y": "6.3.0",
      "eslint-plugin-node": "^11.1.0",
      "eslint-plugin-promise": "^4.2.1",
      "eslint-plugin-react": "7.20.0",
      "eslint-plugin-react-hooks": "3",
      "eslint-plugin-standard": "^4.0.1",
      "faker": "^4.1.0",
      "git-commit-msg-linter": "^2.4.2",
      "husky": "^4.2.5",
      "identity-obj-proxy": "^3.0.0",
      "jest": "^25.5.4",
      "lint-staged": "^10.2.2",
      "node-sass": "^4.14.1",
      "sass-loader": "^8.0.2",
      "style-loader": "^1.2.1",
      "ts-jest": "^25.5.0",
      "ts-loader": "^7.0.4",
      "typescript": "^3.8.3",
      "webpack": "^4.43.0",
      "webpack-cli": "^3.3.11",
      "webpack-dev-server": "^3.11.0"
    },
    "dependencies": {
      "axios": "^0.19.2",
      "react": "^16.13.1",
      "react-dom": "^16.13.1"
    }
  }

yarn manifest: 
  No manifest

Lockfile: 
  No lockfile
